<?xml version="1.0" encoding="UTF-8"?>
<!-- Generated by org.testng.reporters.JUnitReportReporter -->
<testsuite hostname="HOME-PC" failures="0" tests="1" name="com.test.TestClass1" time="1.495" errors="0" timestamp="2023-04-13T23:02:14 IST" skipped="0">
  <testcase classname="com.test.TestClass1" name="testCase1" time="1.495"/>
  <system-out/>
</testsuite> <!-- com.test.TestClass1 -->
